Flow report for fir4_Carry_Skip_Adder_u
Fri Dec 12 04:53:19 2025
Quartus Prime Version 20.1.0 Build 711 06/05/2020 SJ Lite Edition


---------------------
; Table of Contents ;
---------------------
  1. Legal Notice
  2. Flow Summary
  3. Flow Settings
  4. Flow Non-Default Global Settings
  5. Flow Elapsed Time
  6. Flow OS Summary
  7. Flow Log
  8. Flow Messages
  9. Flow Suppressed Messages



----------------
; Legal Notice ;
----------------
Copyright (C) 2020  Intel Corporation. All rights reserved.
Your use of Intel Corporation's design tools, logic functions 
and other software and tools, and any partner logic 
functions, and any output files from any of the foregoing 
(including device programming or simulation files), and any 
associated documentation or information are expressly subject 
to the terms and conditions of the Intel Program License 
Subscription Agreement, the Intel Quartus Prime License Agreement,
the Intel FPGA IP License Agreement, or other applicable license
agreement, including, without limitation, that your use is for
the sole purpose of programming logic devices manufactured by
Intel and sold by Intel or its authorized distributors.  Please
refer to the applicable agreement for further details, at
https://fpgasoftware.intel.com/eula.



+-------------------------------------------------------------------------------+
; Flow Summary                                                                  ;
+---------------------------------+---------------------------------------------+
; Flow Status                     ; Successful - Fri Dec 12 04:53:19 2025       ;
; Quartus Prime Version           ; 20.1.0 Build 711 06/05/2020 SJ Lite Edition ;
; Revision Name                   ; fir4_Carry_Skip_Adder_u                     ;
; Top-level Entity Name           ; fir4_Carry_Skip_Adder_u                     ;
; Family                          ; Cyclone V                                   ;
; Device                          ; 5CSXFC6D6F31I7ES                            ;
; Timing Models                   ; Preliminary                                 ;
; Logic utilization (in ALMs)     ; 39 / 41,910 ( < 1 % )                       ;
; Total registers                 ; 82                                          ;
; Total pins                      ; 36 / 499 ( 7 % )                            ;
; Total virtual pins              ; 0                                           ;
; Total block memory bits         ; 0 / 5,662,720 ( 0 % )                       ;
; Total DSP Blocks                ; 0 / 112 ( 0 % )                             ;
; Total HSSI RX PCSs              ; 0 / 9 ( 0 % )                               ;
; Total HSSI PMA RX Deserializers ; 0 / 9 ( 0 % )                               ;
; Total HSSI TX PCSs              ; 0 / 9 ( 0 % )                               ;
; Total HSSI PMA TX Serializers   ; 0 / 9 ( 0 % )                               ;
; Total PLLs                      ; 0 / 15 ( 0 % )                              ;
; Total DLLs                      ; 0 / 4 ( 0 % )                               ;
+---------------------------------+---------------------------------------------+


+---------------------------------------------+
; Flow Settings                               ;
+-------------------+-------------------------+
; Option            ; Setting                 ;
+-------------------+-------------------------+
; Start date & time ; 12/12/2025 04:48:02     ;
; Main task         ; Compilation             ;
; Revision Name     ; fir4_Carry_Skip_Adder_u ;
+-------------------+-------------------------+


+------------------------------------------------------------------------------------------------------------------------------------------------+
; Flow Non-Default Global Settings                                                                                                               ;
+-------------------------------------+----------------------------------------+---------------+-------------+-----------------------------------+
; Assignment Name                     ; Value                                  ; Default Value ; Entity Name ; Section Id                        ;
+-------------------------------------+----------------------------------------+---------------+-------------+-----------------------------------+
; COMPILER_SIGNATURE_ID               ; 101737510273053.176549508245292        ; --            ; --          ; --                                ;
; EDA_GENERATE_FUNCTIONAL_NETLIST     ; Off                                    ; --            ; --          ; eda_board_design_timing           ;
; EDA_GENERATE_FUNCTIONAL_NETLIST     ; Off                                    ; --            ; --          ; eda_board_design_boundary_scan    ;
; EDA_GENERATE_FUNCTIONAL_NETLIST     ; Off                                    ; --            ; --          ; eda_board_design_signal_integrity ;
; EDA_GENERATE_FUNCTIONAL_NETLIST     ; Off                                    ; --            ; --          ; eda_board_design_symbol           ;
; EDA_OUTPUT_DATA_FORMAT              ; Verilog Hdl                            ; --            ; --          ; eda_simulation                    ;
; EDA_SIMULATION_TOOL                 ; ModelSim-Altera (Verilog)              ; <None>        ; --          ; --                                ;
; EDA_TIME_SCALE                      ; 1 ps                                   ; --            ; --          ; eda_simulation                    ;
; MAX_CORE_JUNCTION_TEMP              ; 100                                    ; --            ; --          ; --                                ;
; MIN_CORE_JUNCTION_TEMP              ; -40                                    ; --            ; --          ; --                                ;
; PARTITION_COLOR                     ; -- (Not supported for targeted family) ; --            ; --          ; Top                               ;
; PARTITION_FITTER_PRESERVATION_LEVEL ; -- (Not supported for targeted family) ; --            ; --          ; Top                               ;
; PARTITION_NETLIST_TYPE              ; -- (Not supported for targeted family) ; --            ; --          ; Top                               ;
; PROJECT_OUTPUT_DIRECTORY            ; output_files                           ; --            ; --          ; --                                ;
+-------------------------------------+----------------------------------------+---------------+-------------+-----------------------------------+


+------------------------------------------------------------------------------------------------------------------------------------------+
; Flow Elapsed Time                                                                                                                        ;
+--------------------------------------+--------------+-------------------------+---------------------+------------------------------------+
; Module Name                          ; Elapsed Time ; Average Processors Used ; Peak Virtual Memory ; Total CPU Time (on all processors) ;
+--------------------------------------+--------------+-------------------------+---------------------+------------------------------------+
; Analysis & Synthesis                 ; 00:00:07     ; 1.0                     ; 490 MB              ; 00:00:16                           ;
; Fitter                               ; 00:00:31     ; 1.0                     ; 1973 MB             ; 00:01:08                           ;
; Assembler                            ; 00:00:06     ; 1.0                     ; 504 MB              ; 00:00:05                           ;
; Timing Analyzer                      ; 00:00:05     ; 1.1                     ; 880 MB              ; 00:00:05                           ;
; EDA Netlist Writer                   ; 00:00:00     ; 1.0                     ; 678 MB              ; 00:00:01                           ;
; Power Analyzer                       ; 00:00:04     ; 1.1                     ; 1235 MB             ; 00:00:04                           ;
; Early Power Estimator File Generator ; 00:00:02     ; 1.0                     ; 1057 MB             ; 00:00:03                           ;
; Total                                ; 00:00:55     ; --                      ; --                  ; 00:01:42                           ;
+--------------------------------------+--------------+-------------------------+---------------------+------------------------------------+


+------------------------------------------------------------------------------------------------------------------------------+
; Flow OS Summary                                                                                                              ;
+--------------------------------------+----------------------------------------+----------------+------------+----------------+
; Module Name                          ; Machine Hostname                       ; OS Name        ; OS Version ; Processor type ;
+--------------------------------------+----------------------------------------+----------------+------------+----------------+
; Analysis & Synthesis                 ; hp-HP-Pavilion-Gaming-Laptop-15-dk0xxx ; Ubuntu 24.04.3 ; 24         ; x86_64         ;
; Fitter                               ; hp-HP-Pavilion-Gaming-Laptop-15-dk0xxx ; Ubuntu 24.04.3 ; 24         ; x86_64         ;
; Assembler                            ; hp-HP-Pavilion-Gaming-Laptop-15-dk0xxx ; Ubuntu 24.04.3 ; 24         ; x86_64         ;
; Timing Analyzer                      ; hp-HP-Pavilion-Gaming-Laptop-15-dk0xxx ; Ubuntu 24.04.3 ; 24         ; x86_64         ;
; EDA Netlist Writer                   ; hp-HP-Pavilion-Gaming-Laptop-15-dk0xxx ; Ubuntu 24.04.3 ; 24         ; x86_64         ;
; Power Analyzer                       ; hp-HP-Pavilion-Gaming-Laptop-15-dk0xxx ; Ubuntu 24.04.3 ; 24         ; x86_64         ;
; Early Power Estimator File Generator ; hp-HP-Pavilion-Gaming-Laptop-15-dk0xxx ; Ubuntu 24.04.3 ; 24         ; x86_64         ;
+--------------------------------------+----------------------------------------+----------------+------------+----------------+


------------
; Flow Log ;
------------
quartus_map --read_settings_files=on --write_settings_files=off fir_cskip -c fir4_Carry_Skip_Adder_u
quartus_fit --read_settings_files=off --write_settings_files=off fir_cskip -c fir4_Carry_Skip_Adder_u
quartus_asm --read_settings_files=off --write_settings_files=off fir_cskip -c fir4_Carry_Skip_Adder_u
quartus_sta fir_cskip -c fir4_Carry_Skip_Adder_u
quartus_eda --read_settings_files=off --write_settings_files=off fir_cskip -c fir4_Carry_Skip_Adder_u
quartus_pow --read_settings_files=on --write_settings_files=off fir_cskip -c fir4_Carry_Skip_Adder_u
quartus_pow --read_settings_files=on --write_settings_files=off fir_cskip -c fir4_Carry_Skip_Adder_u --estimate_power=off --output_epe=fir4_Carry_Skip_Adder_u_early_pwr.csv



